<?xml version="1.0" encoding="UTF-8"?>
<testng-results skipped="0" failed="1" ignored="0" total="2" passed="1">
  <reporter-output>
  </reporter-output>
  <suite name="Suite" duration-ms="64202" started-at="2020-12-03T13:53:59 AEDT" finished-at="2020-12-03T13:55:03 AEDT">
    <groups>
    </groups>
    <test name="BankingProject" duration-ms="64202" started-at="2020-12-03T13:53:59 AEDT" finished-at="2020-12-03T13:55:03 AEDT">
      <class name="bankTestPackage.bankDemo">
        <test-method status="PASS" signature="Browsersetup()[pri:0, instance:bankTestPackage.bankDemo@27efef64]" name="Browsersetup" is-config="true" duration-ms="31729" started-at="2020-12-03T13:54:00 AEDT" finished-at="2020-12-03T13:54:32 AEDT">
          <reporter-output>
          </reporter-output>
        </test-method> <!-- Browsersetup -->
        <test-method status="PASS" signature="logindetails(java.lang.String, java.lang.String)[pri:0, instance:bankTestPackage.bankDemo@27efef64]" name="logindetails" duration-ms="4909" started-at="2020-12-03T13:54:32 AEDT" data-provider="Testdata" finished-at="2020-12-03T13:54:37 AEDT">
          <params>
            <param index="0">
              <value>
                <![CDATA[mngr295004]]>
              </value>
            </param>
            <param index="1">
              <value>
                <![CDATA[tunagez]]>
              </value>
            </param>
          </params>
          <reporter-output>
          </reporter-output>
        </test-method> <!-- logindetails -->
        <test-method status="PASS" signature="quittingdriver()[pri:0, instance:bankTestPackage.bankDemo@27efef64]" name="quittingdriver" is-config="true" duration-ms="1180" started-at="2020-12-03T13:54:37 AEDT" finished-at="2020-12-03T13:54:38 AEDT">
          <reporter-output>
          </reporter-output>
        </test-method> <!-- quittingdriver -->
        <test-method status="PASS" signature="Browsersetup()[pri:0, instance:bankTestPackage.bankDemo@27efef64]" name="Browsersetup" is-config="true" duration-ms="18998" started-at="2020-12-03T13:54:38 AEDT" finished-at="2020-12-03T13:54:57 AEDT">
          <reporter-output>
          </reporter-output>
        </test-method> <!-- Browsersetup -->
        <test-method status="FAIL" signature="logindetails(java.lang.String, java.lang.String)[pri:0, instance:bankTestPackage.bankDemo@27efef64]" name="logindetails" duration-ms="4264" started-at="2020-12-03T13:54:57 AEDT" data-provider="Testdata" finished-at="2020-12-03T13:55:01 AEDT">
          <params>
            <param index="0">
              <value>
                <![CDATA[sjdhfhjkj]]>
              </value>
            </param>
            <param index="1">
              <value>
                <![CDATA[78djkghdkug]]>
              </value>
            </param>
          </params>
          <exception class="java.lang.AssertionError">
            <message>
              <![CDATA[expected [Guru99 Bank Manager HomePage] but found [Guru99 Bank Home Page]]]>
            </message>
            <full-stacktrace>
              <![CDATA[java.lang.AssertionError: expected [Guru99 Bank Manager HomePage] but found [Guru99 Bank Home Page]
at org.testng.Assert.fail(Assert.java:99)
at org.testng.Assert.failNotEquals(Assert.java:1037)
at org.testng.Assert.assertEqualsImpl(Assert.java:140)
at org.testng.Assert.assertEquals(Assert.java:122)
at org.testng.Assert.assertEquals(Assert.java:629)
at org.testng.Assert.assertEquals(Assert.java:639)
at bankingUI.LoginPage.loginDetails(LoginPage.java:68)
at bankTestPackage.bankDemo.logindetails(bankDemo.java:57)
at sun.reflect.NativeMethodAccessorImpl.invoke0(Native Method)
at sun.reflect.NativeMethodAccessorImpl.invoke(NativeMethodAccessorImpl.java:62)
at sun.reflect.DelegatingMethodAccessorImpl.invoke(DelegatingMethodAccessorImpl.java:43)
at java.lang.reflect.Method.invoke(Method.java:498)
at org.testng.internal.MethodInvocationHelper.invokeMethod(MethodInvocationHelper.java:132)
at org.testng.internal.TestInvoker.invokeMethod(TestInvoker.java:599)
at org.testng.internal.TestInvoker.invokeTestMethod(TestInvoker.java:174)
at org.testng.internal.MethodRunner.runInSequence(MethodRunner.java:46)
at org.testng.internal.TestInvoker$MethodInvocationAgent.invoke(TestInvoker.java:822)
at org.testng.internal.TestInvoker.invokeTestMethods(TestInvoker.java:147)
at org.testng.internal.TestMethodWorker.invokeTestMethods(TestMethodWorker.java:146)
at org.testng.internal.TestMethodWorker.run(TestMethodWorker.java:128)
at java.util.ArrayList.forEach(ArrayList.java:1259)
at org.testng.TestRunner.privateRun(TestRunner.java:764)
at org.testng.TestRunner.run(TestRunner.java:585)
at org.testng.SuiteRunner.runTest(SuiteRunner.java:384)
at org.testng.SuiteRunner.runSequentially(SuiteRunner.java:378)
at org.testng.SuiteRunner.privateRun(SuiteRunner.java:337)
at org.testng.SuiteRunner.run(SuiteRunner.java:286)
at org.testng.SuiteRunnerWorker.runSuite(SuiteRunnerWorker.java:53)
at org.testng.SuiteRunnerWorker.run(SuiteRunnerWorker.java:96)
at org.testng.TestNG.runSuitesSequentially(TestNG.java:1218)
at org.testng.TestNG.runSuitesLocally(TestNG.java:1140)
at org.testng.TestNG.runSuites(TestNG.java:1069)
at org.testng.TestNG.run(TestNG.java:1037)
at org.apache.maven.surefire.testng.TestNGExecutor.run(TestNGExecutor.java:295)
at org.apache.maven.surefire.testng.TestNGXmlTestSuite.execute(TestNGXmlTestSuite.java:84)
at org.apache.maven.surefire.testng.TestNGProvider.invoke(TestNGProvider.java:90)
at org.apache.maven.surefire.booter.ForkedBooter.invokeProviderInSameClassLoader(ForkedBooter.java:203)
at org.apache.maven.surefire.booter.ForkedBooter.runSuitesInProcess(ForkedBooter.java:155)
at org.apache.maven.surefire.booter.ForkedBooter.main(ForkedBooter.java:103)
]]>
            </full-stacktrace>
          </exception> <!-- java.lang.AssertionError -->
          <reporter-output>
          </reporter-output>
        </test-method> <!-- logindetails -->
        <test-method status="PASS" signature="quittingdriver()[pri:0, instance:bankTestPackage.bankDemo@27efef64]" name="quittingdriver" is-config="true" duration-ms="1307" started-at="2020-12-03T13:55:01 AEDT" finished-at="2020-12-03T13:55:03 AEDT">
          <reporter-output>
          </reporter-output>
        </test-method> <!-- quittingdriver -->
      </class> <!-- bankTestPackage.bankDemo -->
    </test> <!-- BankingProject -->
  </suite> <!-- Suite -->
</testng-results>
