<?xml version="1.0" encoding="UTF-8"?>
<testng-results skipped="0" failed="1" ignored="0" total="2" passed="1">
  <reporter-output>
  </reporter-output>
  <suite name="Default suite" duration-ms="123426" started-at="2020-12-03T11:52:57 AEDT" finished-at="2020-12-03T11:55:00 AEDT">
    <groups>
    </groups>
    <test name="Default test" duration-ms="123426" started-at="2020-12-03T11:52:57 AEDT" finished-at="2020-12-03T11:55:00 AEDT">
      <class name="bankTestPackage.bankDemo">
        <test-method status="PASS" signature="Browsersetup()[pri:0, instance:bankTestPackage.bankDemo@7a187f14]" name="Browsersetup" is-config="true" duration-ms="51884" started-at="2020-12-03T11:52:58 AEDT" finished-at="2020-12-03T11:53:50 AEDT">
          <reporter-output>
          </reporter-output>
        </test-method> <!-- Browsersetup -->
        <test-method status="PASS" signature="logindetails(java.lang.String, java.lang.String)[pri:0, instance:bankTestPackage.bankDemo@7a187f14]" name="logindetails" duration-ms="15384" started-at="2020-12-03T11:53:50 AEDT" data-provider="Testdata" finished-at="2020-12-03T11:54:06 AEDT">
          <params>
            <param index="0">
              <value>
                <![CDATA[mngr295004]]>
              </value>
            </param>
            <param index="1">
              <value>
                <![CDATA[tunagez]]>
              </value>
            </param>
          </params>
          <reporter-output>
          </reporter-output>
        </test-method> <!-- logindetails -->
        <test-method status="PASS" signature="quittingdriver()[pri:0, instance:bankTestPackage.bankDemo@7a187f14]" name="quittingdriver" is-config="true" duration-ms="1895" started-at="2020-12-03T11:54:06 AEDT" finished-at="2020-12-03T11:54:08 AEDT">
          <reporter-output>
          </reporter-output>
        </test-method> <!-- quittingdriver -->
        <test-method status="PASS" signature="Browsersetup()[pri:0, instance:bankTestPackage.bankDemo@7a187f14]" name="Browsersetup" is-config="true" duration-ms="47525" started-at="2020-12-03T11:54:08 AEDT" finished-at="2020-12-03T11:54:55 AEDT">
          <reporter-output>
          </reporter-output>
        </test-method> <!-- Browsersetup -->
        <test-method status="FAIL" signature="logindetails(java.lang.String, java.lang.String)[pri:0, instance:bankTestPackage.bankDemo@7a187f14]" name="logindetails" duration-ms="3668" started-at="2020-12-03T11:54:55 AEDT" data-provider="Testdata" finished-at="2020-12-03T11:54:59 AEDT">
          <params>
            <param index="0">
              <value>
                <![CDATA[sjdhfhjkj]]>
              </value>
            </param>
            <param index="1">
              <value>
                <![CDATA[78djkghdkug]]>
              </value>
            </param>
          </params>
          <exception class="java.lang.AssertionError">
            <message>
              <![CDATA[expected [Guru99 Bank Manager HomePage] but found []]]>
            </message>
            <full-stacktrace>
              <![CDATA[java.lang.AssertionError: expected [Guru99 Bank Manager HomePage] but found []
at org.testng.Assert.fail(Assert.java:99)
at org.testng.Assert.failNotEquals(Assert.java:1037)
at org.testng.Assert.assertEqualsImpl(Assert.java:140)
at org.testng.Assert.assertEquals(Assert.java:122)
at org.testng.Assert.assertEquals(Assert.java:629)
at org.testng.Assert.assertEquals(Assert.java:639)
at bankingUI.LoginPage.loginDetails(LoginPage.java:68)
at bankTestPackage.bankDemo.logindetails(bankDemo.java:57)
at sun.reflect.NativeMethodAccessorImpl.invoke0(Native Method)
at sun.reflect.NativeMethodAccessorImpl.invoke(NativeMethodAccessorImpl.java:62)
at sun.reflect.DelegatingMethodAccessorImpl.invoke(DelegatingMethodAccessorImpl.java:43)
at java.lang.reflect.Method.invoke(Method.java:498)
at org.testng.internal.MethodInvocationHelper.invokeMethod(MethodInvocationHelper.java:132)
at org.testng.internal.TestInvoker.invokeMethod(TestInvoker.java:599)
at org.testng.internal.TestInvoker.invokeTestMethod(TestInvoker.java:174)
at org.testng.internal.MethodRunner.runInSequence(MethodRunner.java:46)
at org.testng.internal.TestInvoker$MethodInvocationAgent.invoke(TestInvoker.java:822)
at org.testng.internal.TestInvoker.invokeTestMethods(TestInvoker.java:147)
at org.testng.internal.TestMethodWorker.invokeTestMethods(TestMethodWorker.java:146)
at org.testng.internal.TestMethodWorker.run(TestMethodWorker.java:128)
at java.util.ArrayList.forEach(ArrayList.java:1259)
at org.testng.TestRunner.privateRun(TestRunner.java:764)
at org.testng.TestRunner.run(TestRunner.java:585)
at org.testng.SuiteRunner.runTest(SuiteRunner.java:384)
at org.testng.SuiteRunner.runSequentially(SuiteRunner.java:378)
at org.testng.SuiteRunner.privateRun(SuiteRunner.java:337)
at org.testng.SuiteRunner.run(SuiteRunner.java:286)
at org.testng.SuiteRunnerWorker.runSuite(SuiteRunnerWorker.java:53)
at org.testng.SuiteRunnerWorker.run(SuiteRunnerWorker.java:96)
at org.testng.TestNG.runSuitesSequentially(TestNG.java:1218)
at org.testng.TestNG.runSuitesLocally(TestNG.java:1140)
at org.testng.TestNG.runSuites(TestNG.java:1069)
at org.testng.TestNG.run(TestNG.java:1037)
at org.testng.remote.AbstractRemoteTestNG.run(AbstractRemoteTestNG.java:115)
at org.testng.remote.RemoteTestNG.initAndRun(RemoteTestNG.java:251)
at org.testng.remote.RemoteTestNG.main(RemoteTestNG.java:77)
]]>
            </full-stacktrace>
          </exception> <!-- java.lang.AssertionError -->
          <reporter-output>
          </reporter-output>
        </test-method> <!-- logindetails -->
        <test-method status="PASS" signature="quittingdriver()[pri:0, instance:bankTestPackage.bankDemo@7a187f14]" name="quittingdriver" is-config="true" duration-ms="1408" started-at="2020-12-03T11:54:59 AEDT" finished-at="2020-12-03T11:55:00 AEDT">
          <reporter-output>
          </reporter-output>
        </test-method> <!-- quittingdriver -->
      </class> <!-- bankTestPackage.bankDemo -->
    </test> <!-- Default test -->
  </suite> <!-- Default suite -->
</testng-results>
